This file contains any messages produced by compilers while
running configure, to aid debugging if configure makes a mistake.

It was created by Ensemble Framework For Flash Flood Forecasting configure 0.1, which was
generated by GNU Autoconf 2.69.  Invocation command line was

  $ ./configure 

## --------- ##
## Platform. ##
## --------- ##

hostname = DESKTOP-NJ5IOUE
uname -m = x86_64
uname -r = 5.4.72-microsoft-standard-WSL2
uname -s = Linux
uname -v = #1 SMP Wed Oct 28 23:40:43 UTC 2020

/usr/bin/uname -p = x86_64
/bin/uname -X     = unknown

/bin/arch              = x86_64
/usr/bin/arch -k       = unknown
/usr/convex/getsysinfo = unknown
/usr/bin/hostinfo      = unknown
/bin/machine           = unknown
/usr/bin/oslevel       = unknown
/bin/universe          = unknown

PATH: /home/allen/miniconda3/bin
PATH: /home/allen/miniconda3/condabin
PATH: /usr/local/sbin
PATH: /usr/local/bin
PATH: /usr/sbin
PATH: /usr/bin
PATH: /sbin
PATH: /bin
PATH: /usr/games
PATH: /usr/local/games
PATH: /mnt/c/Program Files (x86)/Common Files/Oracle/Java/javapath
PATH: /mnt/c/Windows/system32
PATH: /mnt/c/Windows
PATH: /mnt/c/Windows/System32/Wbem
PATH: /mnt/c/Windows/System32/WindowsPowerShell/v1.0
PATH: /mnt/c/Windows/System32/OpenSSH
PATH: /mnt/c/Users/li0121/AppData/Local/Packages/CanonicalGroupLimited.Ubuntu20.04onWindows_79rhkp1fndgsc/LocalState/rootfs/home/allen/miniconda3/ssl
PATH: /mnt/c/Program Files (x86)/WinFsp/bin
PATH: /mnt/c/Program Files (x86)/SSHFS-Win/bin
PATH: /mnt/c/Program Files/Docker/Docker/resources/bin
PATH: /mnt/c/ProgramData/DockerDesktop/version-bin
PATH: /mnt/c/Users/li0121/AppData/Local/Microsoft/WindowsApps
PATH: /mnt/c/Users/li0121/AppData/Local/Programs/Microsoft VS Code/bin


## ----------- ##
## Core tests. ##
## ----------- ##

configure:2210: checking for g++
configure:2226: found /usr/bin/g++
configure:2237: result: g++
configure:2264: checking for C++ compiler version
configure:2273: g++ --version >&5
g++ (Ubuntu 9.3.0-17ubuntu1~20.04) 9.3.0
Copyright (C) 2019 Free Software Foundation, Inc.
This is free software; see the source for copying conditions.  There is NO
warranty; not even for MERCHANTABILITY or FITNESS FOR A PARTICULAR PURPOSE.

configure:2284: $? = 0
configure:2273: g++ -v >&5
Using built-in specs.
COLLECT_GCC=g++
COLLECT_LTO_WRAPPER=/usr/lib/gcc/x86_64-linux-gnu/9/lto-wrapper
OFFLOAD_TARGET_NAMES=nvptx-none:hsa
OFFLOAD_TARGET_DEFAULT=1
Target: x86_64-linux-gnu
Configured with: ../src/configure -v --with-pkgversion='Ubuntu 9.3.0-17ubuntu1~20.04' --with-bugurl=file:///usr/share/doc/gcc-9/README.Bugs --enable-languages=c,ada,c++,go,brig,d,fortran,objc,obj-c++,gm2 --prefix=/usr --with-gcc-major-version-only --program-suffix=-9 --program-prefix=x86_64-linux-gnu- --enable-shared --enable-linker-build-id --libexecdir=/usr/lib --without-included-gettext --enable-threads=posix --libdir=/usr/lib --enable-nls --enable-clocale=gnu --enable-libstdcxx-debug --enable-libstdcxx-time=yes --with-default-libstdcxx-abi=new --enable-gnu-unique-object --disable-vtable-verify --enable-plugin --enable-default-pie --with-system-zlib --with-target-system-zlib=auto --enable-objc-gc=auto --enable-multiarch --disable-werror --with-arch-32=i686 --with-abi=m64 --with-multilib-list=m32,m64,mx32 --enable-multilib --with-tune=generic --enable-offload-targets=nvptx-none=/build/gcc-9-HskZEa/gcc-9-9.3.0/debian/tmp-nvptx/usr,hsa --without-cuda-driver --enable-checking=release --build=x86_64-linux-gnu --host=x86_64-linux-gnu --target=x86_64-linux-gnu
Thread model: posix
gcc version 9.3.0 (Ubuntu 9.3.0-17ubuntu1~20.04) 
configure:2284: $? = 0
configure:2273: g++ -V >&5
g++: error: unrecognized command line option '-V'
g++: fatal error: no input files
compilation terminated.
configure:2284: $? = 1
configure:2273: g++ -qversion >&5
g++: error: unrecognized command line option '-qversion'; did you mean '--version'?
g++: fatal error: no input files
compilation terminated.
configure:2284: $? = 1
configure:2304: checking whether the C++ compiler works
configure:2326: g++    conftest.cpp  >&5
configure:2330: $? = 0
configure:2378: result: yes
configure:2381: checking for C++ compiler default output file name
configure:2383: result: a.out
configure:2389: checking for suffix of executables
configure:2396: g++ -o conftest    conftest.cpp  >&5
configure:2400: $? = 0
configure:2422: result: 
configure:2444: checking whether we are cross compiling
configure:2452: g++ -o conftest    conftest.cpp  >&5
configure:2456: $? = 0
configure:2463: ./conftest
configure:2467: $? = 0
configure:2455: result: no
configure:2460: checking for suffix of object files
configure:2482: g++ -c   conftest.cpp >&5
configure:2486: $? = 0
configure:2507: result: o
configure:2511: checking whether we are using the GNU C++ compiler
configure:2530: g++ -c   conftest.cpp >&5
configure:2530: $? = 0
configure:2539: result: yes
configure:2548: checking whether g++ accepts -g
configure:2568: g++ -c -g  conftest.cpp >&5
configure:2568: $? = 0
configure:2609: result: yes
configure:2712: checking for gcc
configure:2728: found /usr/bin/gcc
configure:2739: result: gcc
configure:2968: checking for C compiler version
configure:2977: gcc --version >&5
gcc (Ubuntu 9.3.0-17ubuntu1~20.04) 9.3.0
Copyright (C) 2019 Free Software Foundation, Inc.
This is free software; see the source for copying conditions.  There is NO
warranty; not even for MERCHANTABILITY or FITNESS FOR A PARTICULAR PURPOSE.

configure:2988: $? = 0
configure:2977: gcc -v >&5
Using built-in specs.
COLLECT_GCC=gcc
COLLECT_LTO_WRAPPER=/usr/lib/gcc/x86_64-linux-gnu/9/lto-wrapper
OFFLOAD_TARGET_NAMES=nvptx-none:hsa
OFFLOAD_TARGET_DEFAULT=1
Target: x86_64-linux-gnu
Configured with: ../src/configure -v --with-pkgversion='Ubuntu 9.3.0-17ubuntu1~20.04' --with-bugurl=file:///usr/share/doc/gcc-9/README.Bugs --enable-languages=c,ada,c++,go,brig,d,fortran,objc,obj-c++,gm2 --prefix=/usr --with-gcc-major-version-only --program-suffix=-9 --program-prefix=x86_64-linux-gnu- --enable-shared --enable-linker-build-id --libexecdir=/usr/lib --without-included-gettext --enable-threads=posix --libdir=/usr/lib --enable-nls --enable-clocale=gnu --enable-libstdcxx-debug --enable-libstdcxx-time=yes --with-default-libstdcxx-abi=new --enable-gnu-unique-object --disable-vtable-verify --enable-plugin --enable-default-pie --with-system-zlib --with-target-system-zlib=auto --enable-objc-gc=auto --enable-multiarch --disable-werror --with-arch-32=i686 --with-abi=m64 --with-multilib-list=m32,m64,mx32 --enable-multilib --with-tune=generic --enable-offload-targets=nvptx-none=/build/gcc-9-HskZEa/gcc-9-9.3.0/debian/tmp-nvptx/usr,hsa --without-cuda-driver --enable-checking=release --build=x86_64-linux-gnu --host=x86_64-linux-gnu --target=x86_64-linux-gnu
Thread model: posix
gcc version 9.3.0 (Ubuntu 9.3.0-17ubuntu1~20.04) 
configure:2988: $? = 0
configure:2977: gcc -V >&5
gcc: error: unrecognized command line option '-V'
gcc: fatal error: no input files
compilation terminated.
configure:2988: $? = 1
configure:2977: gcc -qversion >&5
gcc: error: unrecognized command line option '-qversion'; did you mean '--version'?
gcc: fatal error: no input files
compilation terminated.
configure:2988: $? = 1
configure:2992: checking whether we are using the GNU C compiler
configure:3011: gcc -c   conftest.c >&5
configure:3011: $? = 0
configure:3020: result: yes
configure:3029: checking whether gcc accepts -g
configure:3049: gcc -c -g  conftest.c >&5
configure:3049: $? = 0
configure:3090: result: yes
configure:3107: checking for gcc option to accept ISO C89
configure:3170: gcc  -c -g -O2  conftest.c >&5
configure:3170: $? = 0
configure:3183: result: none needed
configure:3208: checking whether gcc understands -c and -o together
configure:3230: gcc -c conftest.c -o conftest2.o
configure:3233: $? = 0
configure:3230: gcc -c conftest.c -o conftest2.o
configure:3233: $? = 0
configure:3245: result: yes
configure:3271: checking for gcc option to support OpenMP
configure:3286: gcc -o conftest -g -O2   conftest.c  >&5
conftest.c:11:2: error: unknown type name 'choke'
   11 |  choke me
      |  ^~~~~
conftest.c:11:10: error: expected ';' before 'typedef'
   11 |  choke me
      |          ^
      |          ;
configure:3286: $? = 1
configure: failed program was:
| /* confdefs.h */
| #define PACKAGE_NAME "Ensemble Framework For Flash Flood Forecasting"
| #define PACKAGE_TARNAME "ef5"
| #define PACKAGE_VERSION "0.1"
| #define PACKAGE_STRING "Ensemble Framework For Flash Flood Forecasting 0.1"
| #define PACKAGE_BUGREPORT "zac.flamig@noaa.gov"
| #define PACKAGE_URL "http://hydro.ou.edu/"
| /* end confdefs.h.  */
| 
| #ifndef _OPENMP
|  choke me
| #endif
| #include <omp.h>
| int main () { return omp_get_num_threads (); }
| 
configure:3304: gcc -o conftest -g -O2 -fopenmp   conftest.c  >&5
configure:3304: $? = 0
configure:3318: result: -fopenmp
configure:3335: checking build system type
configure:3349: result: x86_64-pc-linux-gnu
configure:3369: checking host system type
configure:3382: result: x86_64-pc-linux-gnu
configure:3533: checking how to run the C preprocessor
configure:3564: gcc -E  conftest.c
configure:3564: $? = 0
configure:3578: gcc -E  conftest.c
conftest.c:9:10: fatal error: ac_nonexistent.h: No such file or directory
    9 | #include <ac_nonexistent.h>
      |          ^~~~~~~~~~~~~~~~~~
compilation terminated.
configure:3578: $? = 1
configure: failed program was:
| /* confdefs.h */
| #define PACKAGE_NAME "Ensemble Framework For Flash Flood Forecasting"
| #define PACKAGE_TARNAME "ef5"
| #define PACKAGE_VERSION "0.1"
| #define PACKAGE_STRING "Ensemble Framework For Flash Flood Forecasting 0.1"
| #define PACKAGE_BUGREPORT "zac.flamig@noaa.gov"
| #define PACKAGE_URL "http://hydro.ou.edu/"
| /* end confdefs.h.  */
| #include <ac_nonexistent.h>
configure:3603: result: gcc -E
configure:3623: gcc -E  conftest.c
configure:3623: $? = 0
configure:3637: gcc -E  conftest.c
conftest.c:9:10: fatal error: ac_nonexistent.h: No such file or directory
    9 | #include <ac_nonexistent.h>
      |          ^~~~~~~~~~~~~~~~~~
compilation terminated.
configure:3637: $? = 1
configure: failed program was:
| /* confdefs.h */
| #define PACKAGE_NAME "Ensemble Framework For Flash Flood Forecasting"
| #define PACKAGE_TARNAME "ef5"
| #define PACKAGE_VERSION "0.1"
| #define PACKAGE_STRING "Ensemble Framework For Flash Flood Forecasting 0.1"
| #define PACKAGE_BUGREPORT "zac.flamig@noaa.gov"
| #define PACKAGE_URL "http://hydro.ou.edu/"
| /* end confdefs.h.  */
| #include <ac_nonexistent.h>
configure:3666: checking for grep that handles long lines and -e
configure:3724: result: /usr/bin/grep
configure:3729: checking for egrep
configure:3791: result: /usr/bin/grep -E
configure:3796: checking for ANSI C header files
configure:3816: gcc -c -g -O2  conftest.c >&5
configure:3816: $? = 0
configure:3889: gcc -o conftest -g -O2   conftest.c  >&5
configure:3889: $? = 0
configure:3889: ./conftest
configure:3889: $? = 0
configure:3900: result: yes
configure:3913: checking for sys/types.h
configure:3913: gcc -c -g -O2  conftest.c >&5
configure:3913: $? = 0
configure:3913: result: yes
configure:3913: checking for sys/stat.h
configure:3913: gcc -c -g -O2  conftest.c >&5
configure:3913: $? = 0
configure:3913: result: yes
configure:3913: checking for stdlib.h
configure:3913: gcc -c -g -O2  conftest.c >&5
configure:3913: $? = 0
configure:3913: result: yes
configure:3913: checking for string.h
configure:3913: gcc -c -g -O2  conftest.c >&5
configure:3913: $? = 0
configure:3913: result: yes
configure:3913: checking for memory.h
configure:3913: gcc -c -g -O2  conftest.c >&5
configure:3913: $? = 0
configure:3913: result: yes
configure:3913: checking for strings.h
configure:3913: gcc -c -g -O2  conftest.c >&5
configure:3913: $? = 0
configure:3913: result: yes
configure:3913: checking for inttypes.h
configure:3913: gcc -c -g -O2  conftest.c >&5
configure:3913: $? = 0
configure:3913: result: yes
configure:3913: checking for stdint.h
configure:3913: gcc -c -g -O2  conftest.c >&5
configure:3913: $? = 0
configure:3913: result: yes
configure:3913: checking for unistd.h
configure:3913: gcc -c -g -O2  conftest.c >&5
configure:3913: $? = 0
configure:3913: result: yes
configure:3927: checking xtiffio.h usability
configure:3927: gcc -c -g -O2  conftest.c >&5
conftest.c:52:10: fatal error: xtiffio.h: No such file or directory
   52 | #include <xtiffio.h>
      |          ^~~~~~~~~~~
compilation terminated.
configure:3927: $? = 1
configure: failed program was:
| /* confdefs.h */
| #define PACKAGE_NAME "Ensemble Framework For Flash Flood Forecasting"
| #define PACKAGE_TARNAME "ef5"
| #define PACKAGE_VERSION "0.1"
| #define PACKAGE_STRING "Ensemble Framework For Flash Flood Forecasting 0.1"
| #define PACKAGE_BUGREPORT "zac.flamig@noaa.gov"
| #define PACKAGE_URL "http://hydro.ou.edu/"
| #define STDC_HEADERS 1
| #define HAVE_SYS_TYPES_H 1
| #define HAVE_SYS_STAT_H 1
| #define HAVE_STDLIB_H 1
| #define HAVE_STRING_H 1
| #define HAVE_MEMORY_H 1
| #define HAVE_STRINGS_H 1
| #define HAVE_INTTYPES_H 1
| #define HAVE_STDINT_H 1
| #define HAVE_UNISTD_H 1
| /* end confdefs.h.  */
| #include <stdio.h>
| #ifdef HAVE_SYS_TYPES_H
| # include <sys/types.h>
| #endif
| #ifdef HAVE_SYS_STAT_H
| # include <sys/stat.h>
| #endif
| #ifdef STDC_HEADERS
| # include <stdlib.h>
| # include <stddef.h>
| #else
| # ifdef HAVE_STDLIB_H
| #  include <stdlib.h>
| # endif
| #endif
| #ifdef HAVE_STRING_H
| # if !defined STDC_HEADERS && defined HAVE_MEMORY_H
| #  include <memory.h>
| # endif
| # include <string.h>
| #endif
| #ifdef HAVE_STRINGS_H
| # include <strings.h>
| #endif
| #ifdef HAVE_INTTYPES_H
| # include <inttypes.h>
| #endif
| #ifdef HAVE_STDINT_H
| # include <stdint.h>
| #endif
| #ifdef HAVE_UNISTD_H
| # include <unistd.h>
| #endif
| #include <xtiffio.h>
configure:3927: result: no
configure:3927: checking xtiffio.h presence
configure:3927: gcc -E  conftest.c
conftest.c:19:10: fatal error: xtiffio.h: No such file or directory
   19 | #include <xtiffio.h>
      |          ^~~~~~~~~~~
compilation terminated.
configure:3927: $? = 1
configure: failed program was:
| /* confdefs.h */
| #define PACKAGE_NAME "Ensemble Framework For Flash Flood Forecasting"
| #define PACKAGE_TARNAME "ef5"
| #define PACKAGE_VERSION "0.1"
| #define PACKAGE_STRING "Ensemble Framework For Flash Flood Forecasting 0.1"
| #define PACKAGE_BUGREPORT "zac.flamig@noaa.gov"
| #define PACKAGE_URL "http://hydro.ou.edu/"
| #define STDC_HEADERS 1
| #define HAVE_SYS_TYPES_H 1
| #define HAVE_SYS_STAT_H 1
| #define HAVE_STDLIB_H 1
| #define HAVE_STRING_H 1
| #define HAVE_MEMORY_H 1
| #define HAVE_STRINGS_H 1
| #define HAVE_INTTYPES_H 1
| #define HAVE_STDINT_H 1
| #define HAVE_UNISTD_H 1
| /* end confdefs.h.  */
| #include <xtiffio.h>
configure:3927: result: no
configure:3927: checking for xtiffio.h
configure:3927: result: no
configure:3939: checking geotiff/xtiffio.h usability
configure:3939: gcc -c -g -O2  conftest.c >&5
configure:3939: $? = 0
configure:3939: result: yes
configure:3939: checking geotiff/xtiffio.h presence
configure:3939: gcc -E  conftest.c
configure:3939: $? = 0
configure:3939: result: yes
configure:3939: checking for geotiff/xtiffio.h
configure:3939: result: yes
configure:3951: checking libgeotiff/xtiffio.h usability
configure:3951: gcc -c -g -O2  conftest.c >&5
conftest.c:53:10: fatal error: libgeotiff/xtiffio.h: No such file or directory
   53 | #include <libgeotiff/xtiffio.h>
      |          ^~~~~~~~~~~~~~~~~~~~~~
compilation terminated.
configure:3951: $? = 1
configure: failed program was:
| /* confdefs.h */
| #define PACKAGE_NAME "Ensemble Framework For Flash Flood Forecasting"
| #define PACKAGE_TARNAME "ef5"
| #define PACKAGE_VERSION "0.1"
| #define PACKAGE_STRING "Ensemble Framework For Flash Flood Forecasting 0.1"
| #define PACKAGE_BUGREPORT "zac.flamig@noaa.gov"
| #define PACKAGE_URL "http://hydro.ou.edu/"
| #define STDC_HEADERS 1
| #define HAVE_SYS_TYPES_H 1
| #define HAVE_SYS_STAT_H 1
| #define HAVE_STDLIB_H 1
| #define HAVE_STRING_H 1
| #define HAVE_MEMORY_H 1
| #define HAVE_STRINGS_H 1
| #define HAVE_INTTYPES_H 1
| #define HAVE_STDINT_H 1
| #define HAVE_UNISTD_H 1
| #define HAVE_GEOTIFF_XTIFFIO_H 1
| /* end confdefs.h.  */
| #include <stdio.h>
| #ifdef HAVE_SYS_TYPES_H
| # include <sys/types.h>
| #endif
| #ifdef HAVE_SYS_STAT_H
| # include <sys/stat.h>
| #endif
| #ifdef STDC_HEADERS
| # include <stdlib.h>
| # include <stddef.h>
| #else
| # ifdef HAVE_STDLIB_H
| #  include <stdlib.h>
| # endif
| #endif
| #ifdef HAVE_STRING_H
| # if !defined STDC_HEADERS && defined HAVE_MEMORY_H
| #  include <memory.h>
| # endif
| # include <string.h>
| #endif
| #ifdef HAVE_STRINGS_H
| # include <strings.h>
| #endif
| #ifdef HAVE_INTTYPES_H
| # include <inttypes.h>
| #endif
| #ifdef HAVE_STDINT_H
| # include <stdint.h>
| #endif
| #ifdef HAVE_UNISTD_H
| # include <unistd.h>
| #endif
| #include <libgeotiff/xtiffio.h>
configure:3951: result: no
configure:3951: checking libgeotiff/xtiffio.h presence
configure:3951: gcc -E  conftest.c
conftest.c:20:10: fatal error: libgeotiff/xtiffio.h: No such file or directory
   20 | #include <libgeotiff/xtiffio.h>
      |          ^~~~~~~~~~~~~~~~~~~~~~
compilation terminated.
configure:3951: $? = 1
configure: failed program was:
| /* confdefs.h */
| #define PACKAGE_NAME "Ensemble Framework For Flash Flood Forecasting"
| #define PACKAGE_TARNAME "ef5"
| #define PACKAGE_VERSION "0.1"
| #define PACKAGE_STRING "Ensemble Framework For Flash Flood Forecasting 0.1"
| #define PACKAGE_BUGREPORT "zac.flamig@noaa.gov"
| #define PACKAGE_URL "http://hydro.ou.edu/"
| #define STDC_HEADERS 1
| #define HAVE_SYS_TYPES_H 1
| #define HAVE_SYS_STAT_H 1
| #define HAVE_STDLIB_H 1
| #define HAVE_STRING_H 1
| #define HAVE_MEMORY_H 1
| #define HAVE_STRINGS_H 1
| #define HAVE_INTTYPES_H 1
| #define HAVE_STDINT_H 1
| #define HAVE_UNISTD_H 1
| #define HAVE_GEOTIFF_XTIFFIO_H 1
| /* end confdefs.h.  */
| #include <libgeotiff/xtiffio.h>
configure:3951: result: no
configure:3951: checking for libgeotiff/xtiffio.h
configure:3951: result: no
configure:3988: checking for a BSD-compatible install
configure:4056: result: /usr/bin/install -c
configure:4067: checking whether build environment is sane
configure:4122: result: yes
configure:4268: checking for a thread-safe mkdir -p
configure:4307: result: /usr/bin/mkdir -p
configure:4314: checking for gawk
configure:4330: found /usr/bin/gawk
configure:4341: result: gawk
configure:4352: checking whether make sets $(MAKE)
configure:4374: result: yes
configure:4396: checking whether make supports the include directive
configure:4411: make -f confmf.GNU && cat confinc.out
this is the am__doit target
configure:4414: $? = 0
configure:4433: result: yes (GNU style)
configure:4466: checking whether make supports nested variables
configure:4483: result: yes
configure:4559: checking dependency style of gcc
configure:4670: result: gcc3
configure:4687: checking dependency style of g++
configure:4798: result: gcc3
configure:4965: checking that generated files are newer than configure
configure:4971: result: done
configure:4998: creating ./config.status

## ---------------------- ##
## Running config.status. ##
## ---------------------- ##

This file was extended by Ensemble Framework For Flash Flood Forecasting config.status 0.1, which was
generated by GNU Autoconf 2.69.  Invocation command line was

  CONFIG_FILES    = 
  CONFIG_HEADERS  = 
  CONFIG_LINKS    = 
  CONFIG_COMMANDS = 
  $ ./config.status 

on DESKTOP-NJ5IOUE

config.status:867: creating Makefile
config.status:867: creating config.h
config.status:1048: config.h is unchanged
config.status:1096: executing depfiles commands
config.status:1173: cd .       && sed -e '/# am--include-marker/d' Makefile         | make -f - am--depfiles
make: Nothing to be done for 'am--depfiles'.
config.status:1178: $? = 0

## ---------------- ##
## Cache variables. ##
## ---------------- ##

ac_cv_build=x86_64-pc-linux-gnu
ac_cv_c_compiler_gnu=yes
ac_cv_cxx_compiler_gnu=yes
ac_cv_env_CCC_set=
ac_cv_env_CCC_value=
ac_cv_env_CC_set=
ac_cv_env_CC_value=
ac_cv_env_CFLAGS_set=
ac_cv_env_CFLAGS_value=
ac_cv_env_CPPFLAGS_set=
ac_cv_env_CPPFLAGS_value=
ac_cv_env_CPP_set=
ac_cv_env_CPP_value=
ac_cv_env_CXXFLAGS_set=
ac_cv_env_CXXFLAGS_value=
ac_cv_env_CXX_set=
ac_cv_env_CXX_value=
ac_cv_env_LDFLAGS_set=
ac_cv_env_LDFLAGS_value=
ac_cv_env_LIBS_set=
ac_cv_env_LIBS_value=
ac_cv_env_build_alias_set=
ac_cv_env_build_alias_value=
ac_cv_env_host_alias_set=
ac_cv_env_host_alias_value=
ac_cv_env_target_alias_set=
ac_cv_env_target_alias_value=
ac_cv_header_geotiff_xtiffio_h=yes
ac_cv_header_inttypes_h=yes
ac_cv_header_libgeotiff_xtiffio_h=no
ac_cv_header_memory_h=yes
ac_cv_header_stdc=yes
ac_cv_header_stdint_h=yes
ac_cv_header_stdlib_h=yes
ac_cv_header_string_h=yes
ac_cv_header_strings_h=yes
ac_cv_header_sys_stat_h=yes
ac_cv_header_sys_types_h=yes
ac_cv_header_unistd_h=yes
ac_cv_header_xtiffio_h=no
ac_cv_host=x86_64-pc-linux-gnu
ac_cv_objext=o
ac_cv_path_EGREP='/usr/bin/grep -E'
ac_cv_path_GREP=/usr/bin/grep
ac_cv_path_install='/usr/bin/install -c'
ac_cv_path_mkdir=/usr/bin/mkdir
ac_cv_prog_AWK=gawk
ac_cv_prog_CPP='gcc -E'
ac_cv_prog_ac_ct_CC=gcc
ac_cv_prog_ac_ct_CXX=g++
ac_cv_prog_c_openmp=-fopenmp
ac_cv_prog_cc_c89=
ac_cv_prog_cc_g=yes
ac_cv_prog_cxx_g=yes
ac_cv_prog_make_make_set=yes
am_cv_CC_dependencies_compiler_type=gcc3
am_cv_CXX_dependencies_compiler_type=gcc3
am_cv_make_support_nested_variables=yes
am_cv_prog_cc_c_o=yes

## ----------------- ##
## Output variables. ##
## ----------------- ##

ACLOCAL='${SHELL} /mnt/s/Models/EF5/missing aclocal-1.16'
AMDEPBACKSLASH='\'
AMDEP_FALSE='#'
AMDEP_TRUE=''
AMTAR='$${TAR-tar}'
AM_BACKSLASH='\'
AM_DEFAULT_V='$(AM_DEFAULT_VERBOSITY)'
AM_DEFAULT_VERBOSITY='1'
AM_V='$(V)'
AUTOCONF='${SHELL} /mnt/s/Models/EF5/missing autoconf'
AUTOHEADER='${SHELL} /mnt/s/Models/EF5/missing autoheader'
AUTOMAKE='${SHELL} /mnt/s/Models/EF5/missing automake-1.16'
AWK='gawk'
CC='gcc'
CCDEPMODE='depmode=gcc3'
CFLAGS='-g -O2'
CPP='gcc -E'
CPPFLAGS='-I/usr/include/geotiff '
CXX='g++'
CXXDEPMODE='depmode=gcc3'
CXXFLAGS='-g -O2'
CYGPATH_W='echo'
DEFS='-DHAVE_CONFIG_H'
DEPDIR='.deps'
ECHO_C=''
ECHO_N='-n'
ECHO_T=''
EGREP='/usr/bin/grep -E'
EXEEXT=''
GREP='/usr/bin/grep'
INSTALL_DATA='${INSTALL} -m 644'
INSTALL_PROGRAM='${INSTALL}'
INSTALL_SCRIPT='${INSTALL}'
INSTALL_STRIP_PROGRAM='$(install_sh) -c -s'
LDFLAGS=''
LIBOBJS=''
LIBS=''
LTLIBOBJS=''
MAKEINFO='${SHELL} /mnt/s/Models/EF5/missing makeinfo'
MKDIR_P='/usr/bin/mkdir -p'
OBJEXT='o'
OPENMP_CFLAGS='-fopenmp'
PACKAGE='ef5'
PACKAGE_BUGREPORT='zac.flamig@noaa.gov'
PACKAGE_NAME='Ensemble Framework For Flash Flood Forecasting'
PACKAGE_STRING='Ensemble Framework For Flash Flood Forecasting 0.1'
PACKAGE_TARNAME='ef5'
PACKAGE_URL='http://hydro.ou.edu/'
PACKAGE_VERSION='0.1'
PATH_SEPARATOR=':'
SET_MAKE=''
SHELL='/bin/bash'
STRIP=''
VERSION='0.1'
WINDOWS_FALSE=''
WINDOWS_TRUE='#'
WINDRES=''
ac_ct_CC='gcc'
ac_ct_CXX='g++'
am__EXEEXT_FALSE=''
am__EXEEXT_TRUE='#'
am__fastdepCC_FALSE='#'
am__fastdepCC_TRUE=''
am__fastdepCXX_FALSE='#'
am__fastdepCXX_TRUE=''
am__include='include'
am__isrc=''
am__leading_dot='.'
am__nodep='_no'
am__quote=''
am__tar='$${TAR-tar} chof - "$$tardir"'
am__untar='$${TAR-tar} xf -'
bindir='${exec_prefix}/bin'
build='x86_64-pc-linux-gnu'
build_alias=''
build_cpu='x86_64'
build_os='linux-gnu'
build_vendor='pc'
datadir='${datarootdir}'
datarootdir='${prefix}/share'
docdir='${datarootdir}/doc/${PACKAGE_TARNAME}'
dvidir='${docdir}'
exec_prefix='${prefix}'
host='x86_64-pc-linux-gnu'
host_alias=''
host_cpu='x86_64'
host_os='linux-gnu'
host_vendor='pc'
htmldir='${docdir}'
includedir='${prefix}/include'
infodir='${datarootdir}/info'
install_sh='${SHELL} /mnt/s/Models/EF5/install-sh'
libdir='${exec_prefix}/lib'
libexecdir='${exec_prefix}/libexec'
localedir='${datarootdir}/locale'
localstatedir='${prefix}/var'
mandir='${datarootdir}/man'
mkdir_p='$(MKDIR_P)'
oldincludedir='/usr/include'
pdfdir='${docdir}'
prefix='/usr/local'
program_transform_name='s,x,x,'
psdir='${docdir}'
runstatedir='${localstatedir}/run'
sbindir='${exec_prefix}/sbin'
sharedstatedir='${prefix}/com'
sysconfdir='${prefix}/etc'
target_alias=''

## ----------- ##
## confdefs.h. ##
## ----------- ##

/* confdefs.h */
#define PACKAGE_NAME "Ensemble Framework For Flash Flood Forecasting"
#define PACKAGE_TARNAME "ef5"
#define PACKAGE_VERSION "0.1"
#define PACKAGE_STRING "Ensemble Framework For Flash Flood Forecasting 0.1"
#define PACKAGE_BUGREPORT "zac.flamig@noaa.gov"
#define PACKAGE_URL "http://hydro.ou.edu/"
#define STDC_HEADERS 1
#define HAVE_SYS_TYPES_H 1
#define HAVE_SYS_STAT_H 1
#define HAVE_STDLIB_H 1
#define HAVE_STRING_H 1
#define HAVE_MEMORY_H 1
#define HAVE_STRINGS_H 1
#define HAVE_INTTYPES_H 1
#define HAVE_STDINT_H 1
#define HAVE_UNISTD_H 1
#define HAVE_GEOTIFF_XTIFFIO_H 1

configure: exit 0
